<?xml version="1.0" encoding="UTF-8"?>
<testng-results ignored="0" total="1" passed="1" failed="0" skipped="0">
  <reporter-output>
  </reporter-output>
  <suite started-at="2022-12-20T13:25:40 IST" name="Default suite" finished-at="2022-12-20T13:26:42 IST" duration-ms="61124">
    <groups>
    </groups>
    <test started-at="2022-12-20T13:25:40 IST" name="Default test" finished-at="2022-12-20T13:26:42 IST" duration-ms="61124">
      <class name="keyword.testcases.logintest$LoginTest">
        <test-method signature="loginTest()[pri:0, instance:keyword.testcases.logintest$LoginTest@1b1426f4]" started-at="2022-12-20T13:25:41 IST" name="loginTest" finished-at="2022-12-20T13:26:42 IST" duration-ms="61025" status="PASS">
          <reporter-output>
          </reporter-output>
        </test-method> <!-- loginTest -->
      </class> <!-- keyword.testcases.logintest$LoginTest -->
    </test> <!-- Default test -->
  </suite> <!-- Default suite -->
</testng-results>
